<?xml version="1.0" encoding="utf-8"?><testsuites name="pytest tests"><testsuite name="pytest" errors="0" failures="0" skipped="0" tests="9" time="0.937" timestamp="2026-06-06T11:38:26.026968+00:00" hostname="agent-env-d326916e-6cc0-4585-8381-011f351a8d16"><testcase classname="backend.tests.backend_test.TestHealth" name="test_health_ok" time="0.237" /><testcase classname="backend.tests.backend_test.TestContact" name="test_create_contact_valid" time="0.049" /><testcase classname="backend.tests.backend_test.TestContact" name="test_create_contact_invalid_email" time="0.058" /><testcase classname="backend.tests.backend_test.TestContact" name="test_create_contact_short_message" time="0.047" /><testcase classname="backend.tests.backend_test.TestContact" name="test_list_contacts" time="0.047" /><testcase classname="backend.tests.backend_test.TestBooking" name="test_create_booking_valid" time="0.069" /><testcase classname="backend.tests.backend_test.TestBooking" name="test_create_booking_missing_required" time="0.064" /><testcase classname="backend.tests.backend_test.TestBooking" name="test_list_bookings" time="0.044" /><testcase classname="backend.tests.backend_test.TestNewsletter" name="test_subscribe_and_duplicate" time="0.112" /></testsuite></testsuites>